<?xml version="1.0" encoding="UTF-8"?>
<testsuite name="edu.sgu.lab1.calc.CalcTest" tests="16" skipped="0" failures="0" errors="0" timestamp="2020-10-02T16:22:00" hostname="DESKTOP-2AVECJ5" time="0.59">
  <properties/>
  <testcase name="testOneOperand" classname="edu.sgu.lab1.calc.CalcTest" time="0.169"/>
  <testcase name="testMinus" classname="edu.sgu.lab1.calc.CalcTest" time="0.017"/>
  <testcase name="testPartDiv" classname="edu.sgu.lab1.calc.CalcTest" time="0.055"/>
  <testcase name="testArea" classname="edu.sgu.lab1.calc.CalcTest" time="0.02"/>
  <testcase name="testMult" classname="edu.sgu.lab1.calc.CalcTest" time="0.029"/>
  <testcase name="testPlus" classname="edu.sgu.lab1.calc.CalcTest" time="0.023"/>
  <testcase name="testNotExpression" classname="edu.sgu.lab1.calc.CalcTest" time="0.019"/>
  <testcase name="testFullDiv" classname="edu.sgu.lab1.calc.CalcTest" time="0.015"/>
  <testcase name="testMnemonic" classname="edu.sgu.lab1.calc.CalcTest" time="0.013"/>
  <testcase name="testSymbolOperation" classname="edu.sgu.lab1.calc.CalcTest" time="0.015"/>
  <testcase name="testPerimeter" classname="edu.sgu.lab1.calc.CalcTest" time="0.018"/>
  <testcase name="testDegree" classname="edu.sgu.lab1.calc.CalcTest" time="0.025"/>
  <testcase name="testMnemonicValue" classname="edu.sgu.lab1.calc.CalcTest" time="0.017"/>
  <testcase name="testfibonacci" classname="edu.sgu.lab1.calc.CalcTest" time="0.08"/>
  <testcase name="testExpression" classname="edu.sgu.lab1.calc.CalcTest" time="0.021"/>
  <testcase name="testConstructor" classname="edu.sgu.lab1.calc.CalcTest" time="0.039"/>
  <system-out><![CDATA[]]></system-out>
  <system-err><![CDATA[]]></system-err>
</testsuite>
