<?xml version="1.0" encoding="UTF-8"?>
<testsuite name="edu.sgu.lab1.calc.CalcTest" tests="10" skipped="0" failures="0" errors="0" timestamp="2020-09-20T11:45:09" hostname="DESKTOP-2AVECJ5" time="0.607">
  <properties/>
  <testcase name="testSimpleDiv" classname="edu.sgu.lab1.calc.CalcTest" time="0.362"/>
  <testcase name="testMinus" classname="edu.sgu.lab1.calc.CalcTest" time="0.028"/>
  <testcase name="testMult" classname="edu.sgu.lab1.calc.CalcTest" time="0.024"/>
  <testcase name="testPlus" classname="edu.sgu.lab1.calc.CalcTest" time="0.024"/>
  <testcase name="testNotExpression" classname="edu.sgu.lab1.calc.CalcTest" time="0.026"/>
  <testcase name="testMnemonic" classname="edu.sgu.lab1.calc.CalcTest" time="0.03"/>
  <testcase name="testSymbolOperation" classname="edu.sgu.lab1.calc.CalcTest" time="0.03"/>
  <testcase name="testMnemonicValue" classname="edu.sgu.lab1.calc.CalcTest" time="0.029"/>
  <testcase name="testExpression" classname="edu.sgu.lab1.calc.CalcTest" time="0.028"/>
  <testcase name="testConstructor" classname="edu.sgu.lab1.calc.CalcTest" time="0.021"/>
  <system-out><![CDATA[]]></system-out>
  <system-err><![CDATA[]]></system-err>
</testsuite>
