<?xml version="1.0" encoding="UTF-8"?>
<testsuite name="edu.sgu.lab1.calc.operations.OperationsTest" tests="1" skipped="0" failures="0" errors="0" timestamp="2020-09-20T11:45:10" hostname="DESKTOP-2AVECJ5" time="0.0">
  <properties/>
  <testcase name="testIntArg" classname="edu.sgu.lab1.calc.operations.OperationsTest" time="0.0"/>
  <system-out><![CDATA[]]></system-out>
  <system-err><![CDATA[]]></system-err>
</testsuite>
