<?xml version="1.0" encoding="UTF-8"?>
<testsuite name="edu.sgu.lab1.calc.operations.FibonacciTest" tests="7" skipped="0" failures="0" errors="0" timestamp="2020-10-02T16:22:01" hostname="DESKTOP-2AVECJ5" time="0.006">
  <properties/>
  <testcase name="testIsFibonacciOver" classname="edu.sgu.lab1.calc.operations.FibonacciTest" time="0.001"/>
  <testcase name="testIsFibonacciMax" classname="edu.sgu.lab1.calc.operations.FibonacciTest" time="0.0"/>
  <testcase name="testIsFibonacci0" classname="edu.sgu.lab1.calc.operations.FibonacciTest" time="0.0"/>
  <testcase name="testIsFibonacci1" classname="edu.sgu.lab1.calc.operations.FibonacciTest" time="0.0"/>
  <testcase name="testIsFibonacci2" classname="edu.sgu.lab1.calc.operations.FibonacciTest" time="0.001"/>
  <testcase name="testIsFibonacci3" classname="edu.sgu.lab1.calc.operations.FibonacciTest" time="0.0"/>
  <testcase name="testIsFibonacci9" classname="edu.sgu.lab1.calc.operations.FibonacciTest" time="0.0"/>
  <system-out><![CDATA[]]></system-out>
  <system-err><![CDATA[]]></system-err>
</testsuite>
