<?xml version="1.0" encoding="UTF-8"?>
<testsuite name="org.example.lab1.calcTest" tests="1" skipped="0" failures="0" errors="0" timestamp="2020-09-11T11:11:32" hostname="e.borisov.dc.rk" time="0.512">
  <properties/>
  <testcase name="testExpression" classname="org.example.lab1.calcTest" time="0.512"/>
  <system-out><![CDATA[]]></system-out>
  <system-err><![CDATA[]]></system-err>
</testsuite>
